  stdafx.cpp
c:\opencv\build\include\opencv2\core\cvstd.hpp(575): warning C4793: 'cv::String::String': 函式會編譯成機器碼:
  	找到 Managed 程式碼中不支援的內建
c:\opencv\build\include\opencv2\core\cuda.inl.hpp(105): warning C4793: 'cv::cuda::GpuMat::GpuMat': 函式會編譯成機器碼:
  	找到 Managed 程式碼中不支援的內建
c:\opencv\build\include\opencv2\core\cuda.inl.hpp(395): warning C4793: 'cv::cuda::HostMem::HostMem': 函式會編譯成機器碼:
  	找到 Managed 程式碼中不支援的內建
c:\opencv\build\include\opencv2\core\mat.inl.hpp(483): warning C4793: 'cv::Mat::Mat': 函式會編譯成機器碼:
  	找到 Managed 程式碼中不支援的內建
c:\opencv\build\include\opencv2\core\mat.inl.hpp(807): warning C4793: 'cv::Mat::release': 函式會編譯成機器碼:
  	找到 Managed 程式碼中不支援的內建
c:\opencv\build\include\opencv2\core\mat.inl.hpp(2143): warning C4793: 'cv::SparseMat::addref': 函式會編譯成機器碼:
  	找到 Managed 程式碼中不支援的內建
c:\opencv\build\include\opencv2\core\mat.inl.hpp(3743): warning C4793: 'cv::UMat::addref': 函式會編譯成機器碼:
  	找到 Managed 程式碼中不支援的內建
c:\opencv\build\include\opencv2\core\ptr.inl.hpp(67): warning C4793: 'cv::detail::PtrOwner::incRef': 函式會編譯成機器碼:
  	找到 Managed 程式碼中不支援的內建
c:\opencv\build\include\opencv2\core\ptr.inl.hpp(72): warning C4793: 'cv::detail::PtrOwner::decRef': 函式會編譯成機器碼:
  	找到 Managed 程式碼中不支援的內建
c:\opencv\build\include\opencv2\core\cvstd.hpp(657): warning C4793: 'cv::String::operator=': 函式會編譯成機器碼:
  	找到 Managed 程式碼中不支援的內建
  AOI_Tool.cpp
  AssemblyInfo.cpp
  Mainprocess.cpp
Mainprocess.cpp(67): warning C4244: '=': 將 'int' 轉換為 'float'，由於類型不同，可能導致資料遺失
Mainprocess.cpp(71): warning C4244: '=': 將 'int' 轉換為 'float'，由於類型不同，可能導致資料遺失
Mainprocess.cpp(72): warning C4244: '=': 將 'int' 轉換為 'float'，由於類型不同，可能導致資料遺失
Mainprocess.cpp(78): warning C4244: '=': 將 'int' 轉換為 'float'，由於類型不同，可能導致資料遺失
Mainprocess.cpp(79): warning C4244: '=': 將 'int' 轉換為 'float'，由於類型不同，可能導致資料遺失
Mainprocess.cpp(83): warning C4244: '正在初始化': 將 'float' 轉換為 'int'，由於類型不同，可能導致資料遺失
Mainprocess.cpp(84): warning C4244: '正在初始化': 將 'float' 轉換為 'int'，由於類型不同，可能導致資料遺失
Mainprocess.cpp(87): warning C4244: '=': 將 'int' 轉換為 'float'，由於類型不同，可能導致資料遺失
Mainprocess.cpp(88): warning C4244: '=': 將 'int' 轉換為 'float'，由於類型不同，可能導致資料遺失
Mainprocess.cpp(93): warning C4244: '=': 將 'float' 轉換為 'int'，由於類型不同，可能導致資料遺失
Mainprocess.cpp(94): warning C4244: '=': 將 'float' 轉換為 'int'，由於類型不同，可能導致資料遺失
Mainprocess.cpp(95): warning C4244: '=': 將 'float' 轉換為 'int'，由於類型不同，可能導致資料遺失
Mainprocess.cpp(96): warning C4244: '=': 將 'float' 轉換為 'int'，由於類型不同，可能導致資料遺失
Mainprocess.cpp(196): warning C4244: '+=': 將 'double' 轉換為 'int'，由於類型不同，可能導致資料遺失
Mainprocess.cpp(224): warning C4244: '=': 將 'double' 轉換為 'float'，由於類型不同，可能導致資料遺失
Mainprocess.cpp(225): warning C4244: '=': 將 'double' 轉換為 'float'，由於類型不同，可能導致資料遺失
Mainprocess.cpp(266): warning C4244: '+=': 將 'double' 轉換為 'int'，由於類型不同，可能導致資料遺失
Mainprocess.cpp(267): warning C4244: '+=': 將 'double' 轉換為 'int'，由於類型不同，可能導致資料遺失
Mainprocess.cpp(268): warning C4244: '+=': 將 'double' 轉換為 'int'，由於類型不同，可能導致資料遺失
Mainprocess.cpp(517): warning C4244: '正在初始化': 將 'double' 轉換為 'int'，由於類型不同，可能導致資料遺失
  Main_form.cpp
  Setting_form.cpp
  正在產生程式碼...
c:\opencv\build\include\opencv2\core\mat.inl.hpp(483): warning C4793: 'cv::Mat::Mat': 函式會編譯成機器碼:
  	找到 Managed 程式碼中不支援的內建
c:\opencv\build\include\opencv2\core\ptr.inl.hpp(72): warning C4793: 'cv::detail::PtrOwner::decRef': 函式會編譯成機器碼:
  	找到 Managed 程式碼中不支援的內建
c:\opencv\build\include\opencv2\core\ptr.inl.hpp(67): warning C4793: 'cv::detail::PtrOwner::incRef': 函式會編譯成機器碼:
  	找到 Managed 程式碼中不支援的內建
c:\opencv\build\include\opencv2\core\fast_math.hpp(193): warning C4793: '`anonymous namespace'::cvRound': 函式會編譯成機器碼:
  	找到 Managed 程式碼中不支援的內建
c:\opencv\build\include\opencv2\core\fast_math.hpp(194): warning C4793: '`anonymous namespace'::cvRound': 函式會編譯成機器碼:
  	找到 Managed 程式碼中不支援的內建
c:\opencv\build\include\opencv2\core\fast_math.hpp(105): warning C4793: '`anonymous namespace'::cvRound': 函式會編譯成機器碼:
  	找到 Managed 程式碼中不支援的內建
c:\opencv\build\include\opencv2\core\fast_math.hpp(106): warning C4793: '`anonymous namespace'::cvRound': 函式會編譯成機器碼:
  	找到 Managed 程式碼中不支援的內建
c:\opencv\build\include\opencv2\core\mat.inl.hpp(807): warning C4793: 'cv::Mat::release': 函式會編譯成機器碼:
  	找到 Managed 程式碼中不支援的內建
  .NETFramework,Version=v4.5.2.AssemblyAttributes.cpp
  AOI_Tool.vcxproj -> C:\Users\wei-wen chen\Documents\Visual Studio 2015\Projects\AOI_Tool\x64\Release\AOI_Tool.exe
  AOI_Tool.vcxproj -> C:\Users\wei-wen chen\Documents\Visual Studio 2015\Projects\AOI_Tool\x64\Release\AOI_Tool.pdb (Full PDB)
